# JRE version: OpenJDK Runtime Environment (8.0_152-b06) (build 1.8.0_152-release-1136-b06)
# Java VM: OpenJDK 64-Bit Server VM (25.152-b06 mixed mode windows-amd64 compressed oops)
Heap:
 PSYoungGen      total 278528K, used 82578K [0x00000000e0000000, 0x00000000f3c80000, 0x0000000100000000)
  eden space 255488K, 23% used [0x00000000e0000000,0x00000000e3a5e848,0x00000000ef980000)
  from space 23040K, 98% used [0x00000000f0580000,0x00000000f1bc62f8,0x00000000f1c00000)
  to   space 33280K, 0% used [0x00000000f1c00000,0x00000000f1c00000,0x00000000f3c80000)
 ParOldGen       total 157184K, used 91496K [0x00000000a0000000, 0x00000000a9980000, 0x00000000e0000000)
  object space 157184K, 58% used [0x00000000a0000000,0x00000000a595a278,0x00000000a9980000)
 Metaspace       used 87316K, capacity 92162K, committed 92504K, reserved 1130496K
  class space    used 11068K, capacity 12046K, committed 12160K, reserved 1048576K
GC Heap History (10 events):
Event: 950.644 GC heap before
{Heap before GC invocations=33 (full 4):
 PSYoungGen      total 285696K, used 282074K [0x00000000e0000000, 0x00000000f3180000, 0x0000000100000000)
  eden space 263680K, 100% used [0x00000000e0000000,0x00000000f0180000,0x00000000f0180000)
  from space 22016K, 83% used [0x00000000f1c00000,0x00000000f2df6970,0x00000000f3180000)
  to   space 24576K, 0% used [0x00000000f0180000,0x00000000f0180000,0x00000000f1980000)
 ParOldGen       total 157184K, used 77851K [0x00000000a0000000, 0x00000000a9980000, 0x00000000e0000000)
  object space 157184K, 49% used [0x00000000a0000000,0x00000000a4c06ec8,0x00000000a9980000)
 Metaspace       used 85548K, capacity 89346K, committed 89944K, reserved 1128448K
  class space    used 10894K, capacity 11709K, committed 11904K, reserved 1048576K
Event: 950.653 GC heap after
Heap after GC invocations=33 (full 4):
 PSYoungGen      total 288256K, used 7578K [0x00000000e0000000, 0x00000000f4880000, 0x0000000100000000)
  eden space 263680K, 0% used [0x00000000e0000000,0x00000000e0000000,0x00000000f0180000)
  from space 24576K, 30% used [0x00000000f0180000,0x00000000f08e6bb8,0x00000000f1980000)
  to   space 24064K, 0% used [0x00000000f3100000,0x00000000f3100000,0x00000000f4880000)
 ParOldGen       total 157184K, used 77859K [0x00000000a0000000, 0x00000000a9980000, 0x00000000e0000000)
  object space 157184K, 49% used [0x00000000a0000000,0x00000000a4c08ec8,0x00000000a9980000)
 Metaspace       used 85548K, capacity 89346K, committed 89944K, reserved 1128448K
  class space    used 10894K, capacity 11709K, committed 11904K, reserved 1048576K
}
Event: 953.654 GC heap before
{Heap before GC invocations=34 (full 4):
 PSYoungGen      total 288256K, used 271154K [0x00000000e0000000, 0x00000000f4880000, 0x0000000100000000)
  eden space 263680K, 99% used [0x00000000e0000000,0x00000000f0165fe0,0x00000000f0180000)
  from space 24576K, 30% used [0x00000000f0180000,0x00000000f08e6bb8,0x00000000f1980000)
  to   space 24064K, 0% used [0x00000000f3100000,0x00000000f3100000,0x00000000f4880000)
 ParOldGen       total 157184K, used 77859K [0x00000000a0000000, 0x00000000a9980000, 0x00000000e0000000)
  object space 157184K, 49% used [0x00000000a0000000,0x00000000a4c08ec8,0x00000000a9980000)
 Metaspace       used 85782K, capacity 89642K, committed 89944K, reserved 1128448K
  class space    used 10904K, capacity 11725K, committed 11904K, reserved 1048576K
Event: 953.667 GC heap after
Heap after GC invocations=34 (full 4):
 PSYoungGen      total 311296K, used 14421K [0x00000000e0000000, 0x00000000f4800000, 0x0000000100000000)
  eden space 287744K, 0% used [0x00000000e0000000,0x00000000e0000000,0x00000000f1900000)
  from space 23552K, 61% used [0x00000000f3100000,0x00000000f3f15458,0x00000000f4800000)
  to   space 24064K, 0% used [0x00000000f1900000,0x00000000f1900000,0x00000000f3080000)
 ParOldGen       total 157184K, used 77867K [0x00000000a0000000, 0x00000000a9980000, 0x00000000e0000000)
  object space 157184K, 49% used [0x00000000a0000000,0x00000000a4c0aec8,0x00000000a9980000)
 Metaspace       used 85782K, capacity 89642K, committed 89944K, reserved 1128448K
  class space    used 10904K, capacity 11725K, committed 11904K, reserved 1048576K
}
Event: 1527.607 GC heap before
{Heap before GC invocations=35 (full 4):
 PSYoungGen      total 311296K, used 302165K [0x00000000e0000000, 0x00000000f4800000, 0x0000000100000000)
  eden space 287744K, 100% used [0x00000000e0000000,0x00000000f1900000,0x00000000f1900000)
  from space 23552K, 61% used [0x00000000f3100000,0x00000000f3f15458,0x00000000f4800000)
  to   space 24064K, 0% used [0x00000000f1900000,0x00000000f1900000,0x00000000f3080000)
 ParOldGen       total 157184K, used 77867K [0x00000000a0000000, 0x00000000a9980000, 0x00000000e0000000)
  object space 157184K, 49% used [0x00000000a0000000,0x00000000a4c0aec8,0x00000000a9980000)
 Metaspace       used 86153K, capacity 90218K, committed 90456K, reserved 1128448K
  class space    used 10934K, capacity 11775K, committed 11904K, reserved 1048576K
Event: 1527.650 GC heap after
Heap after GC invocations=35 (full 4):
 PSYoungGen      total 300544K, used 24057K [0x00000000e0000000, 0x00000000f4c00000, 0x0000000100000000)
  eden space 276480K, 0% used [0x00000000e0000000,0x00000000e0000000,0x00000000f0e00000)
  from space 24064K, 99% used [0x00000000f1900000,0x00000000f307e6f0,0x00000000f3080000)
  to   space 28160K, 0% used [0x00000000f3080000,0x00000000f3080000,0x00000000f4c00000)
 ParOldGen       total 157184K, used 90404K [0x00000000a0000000, 0x00000000a9980000, 0x00000000e0000000)
  object space 157184K, 57% used [0x00000000a0000000,0x00000000a5849308,0x00000000a9980000)
 Metaspace       used 86153K, capacity 90218K, committed 90456K, reserved 1128448K
  class space    used 10934K, capacity 11775K, committed 11904K, reserved 1048576K
}
Event: 10359.586 GC heap before
{Heap before GC invocations=36 (full 4):
 PSYoungGen      total 300544K, used 300537K [0x00000000e0000000, 0x00000000f4c00000, 0x0000000100000000)
  eden space 276480K, 100% used [0x00000000e0000000,0x00000000f0e00000,0x00000000f0e00000)
  from space 24064K, 99% used [0x00000000f1900000,0x00000000f307e6f0,0x00000000f3080000)
  to   space 28160K, 0% used [0x00000000f3080000,0x00000000f3080000,0x00000000f4c00000)
 ParOldGen       total 157184K, used 90404K [0x00000000a0000000, 0x00000000a9980000, 0x00000000e0000000)
  object space 157184K, 57% used [0x00000000a0000000,0x00000000a5849308,0x00000000a9980000)
 Metaspace       used 86450K, capacity 90660K, committed 90968K, reserved 1128448K
  class space    used 10969K, capacity 11838K, committed 11904K, reserved 1048576K
Event: 10359.622 GC heap after
Heap after GC invocations=36 (full 4):
 PSYoungGen      total 288256K, used 22111K [0x00000000e0000000, 0x00000000f4680000, 0x0000000100000000)
  eden space 265728K, 0% used [0x00000000e0000000,0x00000000e0000000,0x00000000f0380000)
  from space 22528K, 98% used [0x00000000f3080000,0x00000000f4617d58,0x00000000f4680000)
  to   space 33280K, 0% used [0x00000000f0580000,0x00000000f0580000,0x00000000f2600000)
 ParOldGen       total 157184K, used 91488K [0x00000000a0000000, 0x00000000a9980000, 0x00000000e0000000)
  object space 157184K, 58% used [0x00000000a0000000,0x00000000a5958278,0x00000000a9980000)
 Metaspace       used 86450K, capacity 90660K, committed 90968K, reserved 1128448K
  class space    used 10969K, capacity 11838K, committed 11904K, reserved 1048576K
}
Event: 10737.178 GC heap before
{Heap before GC invocations=37 (full 4):
 PSYoungGen      total 288256K, used 287839K [0x00000000e0000000, 0x00000000f4680000, 0x0000000100000000)
  eden space 265728K, 100% used [0x00000000e0000000,0x00000000f0380000,0x00000000f0380000)
  from space 22528K, 98% used [0x00000000f3080000,0x00000000f4617d58,0x00000000f4680000)
  to   space 33280K, 0% used [0x00000000f0580000,0x00000000f0580000,0x00000000f2600000)
 ParOldGen       total 157184K, used 91488K [0x00000000a0000000, 0x00000000a9980000, 0x00000000e0000000)
  object space 157184K, 58% used [0x00000000a0000000,0x00000000a5958278,0x00000000a9980000)
 Metaspace       used 87173K, capacity 92044K, committed 92248K, reserved 1130496K
  class space    used 11058K, capacity 12037K, committed 12160K, reserved 1048576K
Event: 10737.214 GC heap after
Heap after GC invocations=37 (full 4):
 PSYoungGen      total 278528K, used 22808K [0x00000000e0000000, 0x00000000f3c80000, 0x0000000100000000)
  eden space 255488K, 0% used [0x00000000e0000000,0x00000000e0000000,0x00000000ef980000)
  from space 23040K, 98% used [0x00000000f0580000,0x00000000f1bc62f8,0x00000000f1c00000)
  to   space 33280K, 0% used [0x00000000f1c00000,0x00000000f1c00000,0x00000000f3c80000)
 ParOldGen       total 157184K, used 91496K [0x00000000a0000000, 0x00000000a9980000, 0x00000000e0000000)
  object space 157184K, 58% used [0x00000000a0000000,0x00000000a595a278,0x00000000a9980000)
 Metaspace       used 87173K, capacity 92044K, committed 92248K, reserved 1130496K
  class space    used 11058K, capacity 12037K, committed 12160K, reserved 1048576K
}

